<?xml version="1.0" encoding="UTF-8"?>
<coverage generated="1729569672326" clover="3.2.0">
  <project timestamp="1729569672326" name="All files">
    <metrics statements="144" coveredstatements="133" conditionals="36" coveredconditionals="21" methods="32" coveredmethods="28" elements="212" coveredelements="182" complexity="0" loc="144" ncloc="144" packages="6" files="10" classes="10"/>
    <package name="src">
      <metrics statements="10" coveredstatements="10" conditionals="0" coveredconditionals="0" methods="0" coveredmethods="0"/>
      <file name="server.ts" path="/home/yfercep/Documentos/Juan-Pablo-de-la-Torre/Curso-React-Typescript-11-projects/Full-Stack-TaskFlow/taskflow-backend/src/server.ts">
        <metrics statements="10" coveredstatements="10" conditionals="0" coveredconditionals="0" methods="0" coveredmethods="0"/>
        <line num="1" count="3" type="stmt"/>
        <line num="2" count="3" type="stmt"/>
        <line num="3" count="3" type="stmt"/>
        <line num="4" count="3" type="stmt"/>
        <line num="6" count="3" type="stmt"/>
        <line num="8" count="3" type="stmt"/>
        <line num="10" count="3" type="stmt"/>
        <line num="12" count="3" type="stmt"/>
        <line num="15" count="3" type="stmt"/>
        <line num="17" count="3" type="stmt"/>
      </file>
    </package>
    <package name="src.config">
      <metrics statements="11" coveredstatements="9" conditionals="3" coveredconditionals="1" methods="2" coveredmethods="2"/>
      <file name="db.ts" path="/home/yfercep/Documentos/Juan-Pablo-de-la-Torre/Curso-React-Typescript-11-projects/Full-Stack-TaskFlow/taskflow-backend/src/config/db.ts">
        <metrics statements="11" coveredstatements="9" conditionals="3" coveredconditionals="1" methods="2" coveredmethods="2"/>
        <line num="1" count="3" type="stmt"/>
        <line num="5" count="3" type="stmt"/>
        <line num="6" count="3" type="stmt"/>
        <line num="7" count="3" type="stmt"/>
        <line num="9" count="3" type="cond" truecount="0" falsecount="1"/>
        <line num="10" count="0" type="stmt"/>
        <line num="12" count="3" type="stmt"/>
        <line num="13" count="3" type="stmt"/>
        <line num="14" count="3" type="stmt"/>
        <line num="16" count="3" type="cond" truecount="1" falsecount="1"/>
        <line num="19" count="0" type="stmt"/>
      </file>
    </package>
    <package name="src.controllers">
      <metrics statements="58" coveredstatements="53" conditionals="29" coveredconditionals="18" methods="23" coveredmethods="21"/>
      <file name="ProjectController.ts" path="/home/yfercep/Documentos/Juan-Pablo-de-la-Torre/Curso-React-Typescript-11-projects/Full-Stack-TaskFlow/taskflow-backend/src/controllers/ProjectController.ts">
        <metrics statements="30" coveredstatements="27" conditionals="9" coveredconditionals="6" methods="10" coveredmethods="10"/>
        <line num="2" count="3" type="stmt"/>
        <line num="4" count="3" type="stmt"/>
        <line num="5" count="14" type="stmt"/>
        <line num="6" count="14" type="stmt"/>
        <line num="7" count="14" type="stmt"/>
        <line num="8" count="14" type="stmt"/>
        <line num="11" count="3" type="stmt"/>
        <line num="12" count="3" type="stmt"/>
        <line num="13" count="3" type="stmt"/>
        <line num="16" count="3" type="stmt"/>
        <line num="17" count="1" type="stmt"/>
        <line num="19" count="1" type="stmt"/>
        <line num="20" count="1" type="stmt"/>
        <line num="23" count="3" type="stmt"/>
        <line num="24" count="1" type="stmt"/>
        <line num="25" count="1" type="stmt"/>
        <line num="26" count="1" type="cond" truecount="0" falsecount="1"/>
        <line num="27" count="0" type="stmt"/>
        <line num="28" count="0" type="stmt"/>
        <line num="29" count="0" type="stmt"/>
        <line num="31" count="1" type="stmt"/>
        <line num="32" count="1" type="stmt"/>
        <line num="33" count="1" type="stmt"/>
        <line num="35" count="1" type="cond" truecount="3" falsecount="1"/>
        <line num="36" count="1" type="stmt"/>
        <line num="39" count="3" type="stmt"/>
        <line num="40" count="1" type="stmt"/>
        <line num="41" count="1" type="stmt"/>
        <line num="42" count="1" type="cond" truecount="3" falsecount="1"/>
        <line num="43" count="1" type="stmt"/>
      </file>
      <file name="TaskController.ts" path="/home/yfercep/Documentos/Juan-Pablo-de-la-Torre/Curso-React-Typescript-11-projects/Full-Stack-TaskFlow/taskflow-backend/src/controllers/TaskController.ts">
        <metrics statements="28" coveredstatements="26" conditionals="20" coveredconditionals="12" methods="13" coveredmethods="11"/>
        <line num="3" count="3" type="stmt"/>
        <line num="5" count="3" type="stmt"/>
        <line num="6" count="7" type="stmt"/>
        <line num="7" count="7" type="stmt"/>
        <line num="8" count="7" type="cond" truecount="3" falsecount="1"/>
        <line num="9" count="7" type="cond" truecount="3" falsecount="1"/>
        <line num="10" count="7" type="cond" truecount="3" falsecount="1"/>
        <line num="11" count="7" type="stmt"/>
        <line num="14" count="3" type="stmt"/>
        <line num="15" count="0" type="cond" truecount="0" falsecount="4"/>
        <line num="18" count="0" type="stmt"/>
        <line num="21" count="3" type="stmt"/>
        <line num="22" count="1" type="stmt"/>
        <line num="25" count="3" type="stmt"/>
        <line num="26" count="1" type="stmt"/>
        <line num="27" count="1" type="stmt"/>
        <line num="28" count="1" type="stmt"/>
        <line num="29" count="1" type="stmt"/>
        <line num="32" count="3" type="stmt"/>
        <line num="33" count="1" type="stmt"/>
        <line num="34" count="1" type="cond" truecount="3" falsecount="1"/>
        <line num="37" count="1" type="stmt"/>
        <line num="38" count="1" type="stmt"/>
        <line num="41" count="3" type="stmt"/>
        <line num="42" count="1" type="stmt"/>
        <line num="43" count="1" type="stmt"/>
        <line num="44" count="1" type="stmt"/>
        <line num="45" count="1" type="stmt"/>
      </file>
    </package>
    <package name="src.middleware">
      <metrics statements="33" coveredstatements="29" conditionals="4" coveredconditionals="2" methods="7" coveredmethods="5"/>
      <file name="project.ts" path="/home/yfercep/Documentos/Juan-Pablo-de-la-Torre/Curso-React-Typescript-11-projects/Full-Stack-TaskFlow/taskflow-backend/src/middleware/project.ts">
        <metrics statements="10" coveredstatements="9" conditionals="1" coveredconditionals="0" methods="1" coveredmethods="1"/>
        <line num="2" count="3" type="stmt"/>
        <line num="12" count="3" type="stmt"/>
        <line num="17" count="19" type="stmt"/>
        <line num="18" count="19" type="stmt"/>
        <line num="19" count="19" type="stmt"/>
        <line num="20" count="13" type="cond" truecount="0" falsecount="1"/>
        <line num="21" count="0" type="stmt"/>
        <line num="23" count="13" type="stmt"/>
        <line num="24" count="13" type="stmt"/>
        <line num="26" count="6" type="stmt"/>
      </file>
      <file name="task.ts" path="/home/yfercep/Documentos/Juan-Pablo-de-la-Torre/Curso-React-Typescript-11-projects/Full-Stack-TaskFlow/taskflow-backend/src/middleware/task.ts">
        <metrics statements="12" coveredstatements="11" conditionals="1" coveredconditionals="0" methods="2" coveredmethods="2"/>
        <line num="2" count="3" type="stmt"/>
        <line num="12" count="3" type="stmt"/>
        <line num="17" count="6" type="stmt"/>
        <line num="18" count="6" type="stmt"/>
        <line num="19" count="6" type="stmt"/>
        <line num="20" count="5" type="cond" truecount="0" falsecount="1"/>
        <line num="21" count="0" type="stmt"/>
        <line num="23" count="5" type="stmt"/>
        <line num="24" count="5" type="stmt"/>
        <line num="26" count="1" type="stmt"/>
        <line num="30" count="3" type="stmt"/>
        <line num="35" count="5" type="stmt"/>
      </file>
      <file name="validation.ts" path="/home/yfercep/Documentos/Juan-Pablo-de-la-Torre/Curso-React-Typescript-11-projects/Full-Stack-TaskFlow/taskflow-backend/src/middleware/validation.ts">
        <metrics statements="11" coveredstatements="9" conditionals="2" coveredconditionals="2" methods="4" coveredmethods="2"/>
        <line num="2" count="3" type="stmt"/>
        <line num="4" count="3" type="stmt"/>
        <line num="8" count="35" type="stmt"/>
        <line num="9" count="35" type="stmt"/>
        <line num="10" count="35" type="cond" truecount="2" falsecount="0"/>
        <line num="11" count="7" type="stmt"/>
        <line num="13" count="28" type="stmt"/>
        <line num="17" count="3" type="stmt"/>
        <line num="18" count="3" type="stmt"/>
        <line num="25" count="0" type="stmt"/>
        <line num="26" count="0" type="stmt"/>
      </file>
    </package>
    <package name="src.models">
      <metrics statements="9" coveredstatements="9" conditionals="0" coveredconditionals="0" methods="0" coveredmethods="0"/>
      <file name="Project.ts" path="/home/yfercep/Documentos/Juan-Pablo-de-la-Torre/Curso-React-Typescript-11-projects/Full-Stack-TaskFlow/taskflow-backend/src/models/Project.ts">
        <metrics statements="4" coveredstatements="4" conditionals="0" coveredconditionals="0" methods="0" coveredmethods="0"/>
        <line num="1" count="3" type="stmt"/>
        <line num="12" count="3" type="stmt"/>
        <line num="22" count="3" type="stmt"/>
        <line num="24" count="3" type="stmt"/>
      </file>
      <file name="Task.ts" path="/home/yfercep/Documentos/Juan-Pablo-de-la-Torre/Curso-React-Typescript-11-projects/Full-Stack-TaskFlow/taskflow-backend/src/models/Task.ts">
        <metrics statements="5" coveredstatements="5" conditionals="0" coveredconditionals="0" methods="0" coveredmethods="0"/>
        <line num="1" count="3" type="stmt"/>
        <line num="4" count="3" type="stmt"/>
        <line num="21" count="3" type="stmt"/>
        <line num="35" count="3" type="stmt"/>
        <line num="37" count="3" type="stmt"/>
      </file>
    </package>
    <package name="src.routes">
      <metrics statements="23" coveredstatements="23" conditionals="0" coveredconditionals="0" methods="0" coveredmethods="0"/>
      <file name="projectRoutes.ts" path="/home/yfercep/Documentos/Juan-Pablo-de-la-Torre/Curso-React-Typescript-11-projects/Full-Stack-TaskFlow/taskflow-backend/src/routes/projectRoutes.ts">
        <metrics statements="23" coveredstatements="23" conditionals="0" coveredconditionals="0" methods="0" coveredmethods="0"/>
        <line num="1" count="3" type="stmt"/>
        <line num="2" count="3" type="stmt"/>
        <line num="3" count="3" type="stmt"/>
        <line num="4" count="3" type="stmt"/>
        <line num="5" count="3" type="stmt"/>
        <line num="6" count="3" type="stmt"/>
        <line num="7" count="3" type="stmt"/>
        <line num="9" count="3" type="stmt"/>
        <line num="11" count="3" type="stmt"/>
        <line num="19" count="3" type="stmt"/>
        <line num="21" count="3" type="stmt"/>
        <line num="28" count="3" type="stmt"/>
        <line num="38" count="3" type="stmt"/>
        <line num="46" count="3" type="stmt"/>
        <line num="47" count="3" type="stmt"/>
        <line num="55" count="3" type="stmt"/>
        <line num="57" count="3" type="stmt"/>
        <line num="58" count="3" type="stmt"/>
        <line num="60" count="3" type="stmt"/>
        <line num="67" count="3" type="stmt"/>
        <line num="76" count="3" type="stmt"/>
        <line num="83" count="3" type="stmt"/>
        <line num="92" count="3" type="stmt"/>
      </file>
    </package>
  </project>
</coverage>
