{"/home/yfercep/Documentos/Juan-Pablo-de-la-Torre/Curso-React-Typescript-11-projects/Full-Stack-TaskFlow/taskflow-backend/src/server.ts": {"path":"/home/yfercep/Documentos/Juan-Pablo-de-la-Torre/Curso-React-Typescript-11-projects/Full-Stack-TaskFlow/taskflow-backend/src/server.ts","statementMap":{"0":{"start":{"line":1,"column":0},"end":{"line":1,"column":30}},"1":{"start":{"line":2,"column":0},"end":{"line":2,"column":28}},"2":{"start":{"line":3,"column":0},"end":{"line":3,"column":40}},"3":{"start":{"line":4,"column":0},"end":{"line":4,"column":51}},"4":{"start":{"line":6,"column":0},"end":{"line":6,"column":16}},"5":{"start":{"line":8,"column":0},"end":{"line":8,"column":12}},"6":{"start":{"line":10,"column":12},"end":{"line":10,"column":21}},"7":{"start":{"line":12,"column":0},"end":{"line":12,"column":24}},"8":{"start":{"line":15,"column":0},"end":{"line":15,"column":40}},"9":{"start":{"line":17,"column":0},"end":{"line":17,"column":19}}},"fnMap":{},"branchMap":{},"s":{"0":3,"1":3,"2":3,"3":3,"4":3,"5":3,"6":3,"7":3,"8":3,"9":3},"f":{},"b":{}}
,"/home/yfercep/Documentos/Juan-Pablo-de-la-Torre/Curso-React-Typescript-11-projects/Full-Stack-TaskFlow/taskflow-backend/src/config/db.ts": {"path":"/home/yfercep/Documentos/Juan-Pablo-de-la-Torre/Curso-React-Typescript-11-projects/Full-Stack-TaskFlow/taskflow-backend/src/config/db.ts","statementMap":{"0":{"start":{"line":1,"column":0},"end":{"line":1,"column":32}},"1":{"start":{"line":5,"column":25},"end":{"line":22,"column":2}},"2":{"start":{"line":5,"column":36},"end":{"line":22,"column":2}},"3":{"start":{"line":6,"column":2},"end":{"line":21,"column":3}},"4":{"start":{"line":7,"column":24},"end":{"line":7,"column":48}},"5":{"start":{"line":9,"column":4},"end":{"line":11,"column":5}},"6":{"start":{"line":10,"column":6},"end":{"line":10,"column":55}},"7":{"start":{"line":12,"column":27},"end":{"line":12,"column":62}},"8":{"start":{"line":13,"column":16},"end":{"line":13,"column":55}},"9":{"start":{"line":14,"column":4},"end":{"line":14,"column":68}},"10":{"start":{"line":16,"column":4},"end":{"line":20,"column":5}},"11":{"start":{"line":19,"column":6},"end":{"line":19,"column":46}},"12":{"start":{"line":5,"column":13},"end":{"line":5,"column":25}}},"fnMap":{"0":{"name":"(anonymous_8)","decl":{"start":{"line":5,"column":25},"end":{"line":5,"column":34}},"loc":{"start":{"line":5,"column":36},"end":{"line":22,"column":2}}},"1":{"name":"(anonymous_9)","decl":{"start":{"line":5,"column":36},"end":{"line":5,"column":null}},"loc":{"start":{"line":5,"column":36},"end":{"line":22,"column":1}}}},"branchMap":{"0":{"loc":{"start":{"line":9,"column":4},"end":{"line":11,"column":5}},"type":"if","locations":[{"start":{"line":9,"column":4},"end":{"line":11,"column":5}}]},"1":{"loc":{"start":{"line":16,"column":4},"end":{"line":20,"column":5}},"type":"if","locations":[{"start":{"line":16,"column":4},"end":{"line":20,"column":5}},{"start":{"line":18,"column":11},"end":{"line":20,"column":5}}]}},"s":{"0":3,"1":3,"2":3,"3":3,"4":3,"5":3,"6":0,"7":3,"8":3,"9":3,"10":3,"11":0,"12":3},"f":{"0":3,"1":3},"b":{"0":[0],"1":[3,0]}}
,"/home/yfercep/Documentos/Juan-Pablo-de-la-Torre/Curso-React-Typescript-11-projects/Full-Stack-TaskFlow/taskflow-backend/src/controllers/ProjectController.ts": {"path":"/home/yfercep/Documentos/Juan-Pablo-de-la-Torre/Curso-React-Typescript-11-projects/Full-Stack-TaskFlow/taskflow-backend/src/controllers/ProjectController.ts","statementMap":{"0":{"start":{"line":2,"column":0},"end":{"line":2,"column":40}},"1":{"start":{"line":4,"column":0},"end":{"line":4,"column":13}},"2":{"start":{"line":5,"column":9},"end":{"line":5,"column":25}},"3":{"start":{"line":5,"column":63},"end":{"line":9,"column":4}},"4":{"start":{"line":6,"column":20},"end":{"line":6,"column":41}},"5":{"start":{"line":7,"column":4},"end":{"line":7,"column":25}},"6":{"start":{"line":8,"column":4},"end":{"line":8,"column":34}},"7":{"start":{"line":11,"column":9},"end":{"line":11,"column":26}},"8":{"start":{"line":11,"column":64},"end":{"line":14,"column":4}},"9":{"start":{"line":12,"column":21},"end":{"line":12,"column":43}},"10":{"start":{"line":13,"column":4},"end":{"line":13,"column":23}},"11":{"start":{"line":16,"column":9},"end":{"line":16,"column":26}},"12":{"start":{"line":16,"column":64},"end":{"line":21,"column":4}},"13":{"start":{"line":17,"column":19},"end":{"line":17,"column":29}},"14":{"start":{"line":19,"column":20},"end":{"line":19,"column":64}},"15":{"start":{"line":20,"column":4},"end":{"line":20,"column":22}},"16":{"start":{"line":23,"column":9},"end":{"line":23,"column":25}},"17":{"start":{"line":23,"column":63},"end":{"line":37,"column":4}},"18":{"start":{"line":24,"column":19},"end":{"line":24,"column":29}},"19":{"start":{"line":25,"column":20},"end":{"line":25,"column":46}},"20":{"start":{"line":26,"column":4},"end":{"line":30,"column":5}},"21":{"start":{"line":27,"column":20},"end":{"line":27,"column":49}},"22":{"start":{"line":28,"column":6},"end":{"line":28,"column":53}},"23":{"start":{"line":29,"column":6},"end":{"line":29,"column":13}},"24":{"start":{"line":31,"column":4},"end":{"line":31,"column":45}},"25":{"start":{"line":32,"column":4},"end":{"line":32,"column":47}},"26":{"start":{"line":33,"column":4},"end":{"line":33,"column":47}},"27":{"start":{"line":35,"column":4},"end":{"line":35,"column":26}},"28":{"start":{"line":36,"column":4},"end":{"line":36,"column":45}},"29":{"start":{"line":39,"column":9},"end":{"line":39,"column":25}},"30":{"start":{"line":39,"column":63},"end":{"line":44,"column":4}},"31":{"start":{"line":40,"column":19},"end":{"line":40,"column":29}},"32":{"start":{"line":41,"column":20},"end":{"line":41,"column":46}},"33":{"start":{"line":42,"column":4},"end":{"line":42,"column":31}},"34":{"start":{"line":43,"column":4},"end":{"line":43,"column":45}}},"fnMap":{"0":{"name":"(anonymous_8)","decl":{"start":{"line":5,"column":25},"end":{"line":5,"column":32}},"loc":{"start":{"line":5,"column":63},"end":{"line":9,"column":4}}},"1":{"name":"(anonymous_9)","decl":{"start":{"line":5,"column":63},"end":{"line":5,"column":null}},"loc":{"start":{"line":5,"column":63},"end":{"line":9,"column":3}}},"2":{"name":"(anonymous_10)","decl":{"start":{"line":11,"column":26},"end":{"line":11,"column":33}},"loc":{"start":{"line":11,"column":64},"end":{"line":14,"column":4}}},"3":{"name":"(anonymous_11)","decl":{"start":{"line":11,"column":64},"end":{"line":11,"column":null}},"loc":{"start":{"line":11,"column":64},"end":{"line":14,"column":3}}},"4":{"name":"(anonymous_12)","decl":{"start":{"line":16,"column":26},"end":{"line":16,"column":33}},"loc":{"start":{"line":16,"column":64},"end":{"line":21,"column":4}}},"5":{"name":"(anonymous_13)","decl":{"start":{"line":16,"column":64},"end":{"line":16,"column":null}},"loc":{"start":{"line":16,"column":64},"end":{"line":21,"column":3}}},"6":{"name":"(anonymous_14)","decl":{"start":{"line":23,"column":25},"end":{"line":23,"column":32}},"loc":{"start":{"line":23,"column":63},"end":{"line":37,"column":4}}},"7":{"name":"(anonymous_15)","decl":{"start":{"line":23,"column":63},"end":{"line":23,"column":null}},"loc":{"start":{"line":23,"column":63},"end":{"line":37,"column":3}}},"8":{"name":"(anonymous_16)","decl":{"start":{"line":39,"column":25},"end":{"line":39,"column":32}},"loc":{"start":{"line":39,"column":63},"end":{"line":44,"column":4}}},"9":{"name":"(anonymous_17)","decl":{"start":{"line":39,"column":63},"end":{"line":39,"column":null}},"loc":{"start":{"line":39,"column":63},"end":{"line":44,"column":3}}}},"branchMap":{"0":{"loc":{"start":{"line":26,"column":4},"end":{"line":30,"column":5}},"type":"if","locations":[{"start":{"line":26,"column":4},"end":{"line":30,"column":5}}]},"1":{"loc":{"start":{"line":35,"column":10},"end":{"line":35,"column":25}},"type":"cond-expr","locations":[{"start":{"line":35,"column":17},"end":{"line":35,"column":19}},{"start":{"line":35,"column":10},"end":{"line":35,"column":25}}]},"2":{"loc":{"start":{"line":35,"column":10},"end":{"line":35,"column":19}},"type":"binary-expr","locations":[{"start":{"line":35,"column":10},"end":{"line":35,"column":19}},{"start":{"line":35,"column":10},"end":{"line":35,"column":19}}]},"3":{"loc":{"start":{"line":42,"column":10},"end":{"line":42,"column":30}},"type":"cond-expr","locations":[{"start":{"line":42,"column":17},"end":{"line":42,"column":19}},{"start":{"line":42,"column":10},"end":{"line":42,"column":30}}]},"4":{"loc":{"start":{"line":42,"column":10},"end":{"line":42,"column":19}},"type":"binary-expr","locations":[{"start":{"line":42,"column":10},"end":{"line":42,"column":19}},{"start":{"line":42,"column":10},"end":{"line":42,"column":19}}]}},"s":{"0":3,"1":3,"2":3,"3":14,"4":14,"5":14,"6":14,"7":3,"8":3,"9":3,"10":3,"11":3,"12":1,"13":1,"14":1,"15":1,"16":3,"17":1,"18":1,"19":1,"20":1,"21":0,"22":0,"23":0,"24":1,"25":1,"26":1,"27":1,"28":1,"29":3,"30":1,"31":1,"32":1,"33":1,"34":1},"f":{"0":14,"1":14,"2":3,"3":3,"4":1,"5":1,"6":1,"7":1,"8":1,"9":1},"b":{"0":[0],"1":[0,1],"2":[1,1],"3":[0,1],"4":[1,1]}}
,"/home/yfercep/Documentos/Juan-Pablo-de-la-Torre/Curso-React-Typescript-11-projects/Full-Stack-TaskFlow/taskflow-backend/src/controllers/TaskController.ts": {"path":"/home/yfercep/Documentos/Juan-Pablo-de-la-Torre/Curso-React-Typescript-11-projects/Full-Stack-TaskFlow/taskflow-backend/src/controllers/TaskController.ts","statementMap":{"0":{"start":{"line":3,"column":0},"end":{"line":3,"column":45}},"1":{"start":{"line":6,"column":9},"end":{"line":6,"column":22}},"2":{"start":{"line":6,"column":60},"end":{"line":12,"column":4}},"3":{"start":{"line":7,"column":17},"end":{"line":7,"column":35}},"4":{"start":{"line":8,"column":4},"end":{"line":8,"column":35}},"5":{"start":{"line":9,"column":4},"end":{"line":9,"column":37}},"6":{"start":{"line":10,"column":4},"end":{"line":10,"column":65}},"7":{"start":{"line":11,"column":4},"end":{"line":11,"column":31}},"8":{"start":{"line":14,"column":9},"end":{"line":14,"column":27}},"9":{"start":{"line":14,"column":65},"end":{"line":19,"column":4}},"10":{"start":{"line":15,"column":18},"end":{"line":16,"column":null}},"11":{"start":{"line":18,"column":4},"end":{"line":18,"column":20}},"12":{"start":{"line":21,"column":9},"end":{"line":21,"column":23}},"13":{"start":{"line":21,"column":61},"end":{"line":23,"column":4}},"14":{"start":{"line":22,"column":4},"end":{"line":22,"column":23}},"15":{"start":{"line":25,"column":9},"end":{"line":25,"column":22}},"16":{"start":{"line":25,"column":60},"end":{"line":30,"column":4}},"17":{"start":{"line":26,"column":4},"end":{"line":26,"column":34}},"18":{"start":{"line":27,"column":4},"end":{"line":27,"column":48}},"19":{"start":{"line":28,"column":4},"end":{"line":28,"column":26}},"20":{"start":{"line":29,"column":4},"end":{"line":29,"column":39}},"21":{"start":{"line":32,"column":9},"end":{"line":32,"column":22}},"22":{"start":{"line":32,"column":60},"end":{"line":39,"column":4}},"23":{"start":{"line":33,"column":4},"end":{"line":35,"column":6}},"24":{"start":{"line":34,"column":16},"end":{"line":34,"column":59}},"25":{"start":{"line":37,"column":4},"end":{"line":37,"column":73}},"26":{"start":{"line":38,"column":4},"end":{"line":38,"column":39}},"27":{"start":{"line":41,"column":9},"end":{"line":41,"column":24}},"28":{"start":{"line":41,"column":62},"end":{"line":46,"column":4}},"29":{"start":{"line":42,"column":23},"end":{"line":42,"column":31}},"30":{"start":{"line":43,"column":4},"end":{"line":43,"column":29}},"31":{"start":{"line":44,"column":4},"end":{"line":44,"column":26}},"32":{"start":{"line":45,"column":4},"end":{"line":45,"column":46}},"33":{"start":{"line":5,"column":21},"end":{"line":5,"column":null}}},"fnMap":{"0":{"name":"(anonymous_8)","decl":{"start":{"line":6,"column":22},"end":{"line":6,"column":29}},"loc":{"start":{"line":6,"column":60},"end":{"line":12,"column":4}}},"1":{"name":"(anonymous_9)","decl":{"start":{"line":6,"column":60},"end":{"line":6,"column":null}},"loc":{"start":{"line":6,"column":60},"end":{"line":12,"column":3}}},"2":{"name":"(anonymous_10)","decl":{"start":{"line":14,"column":27},"end":{"line":14,"column":34}},"loc":{"start":{"line":14,"column":65},"end":{"line":19,"column":4}}},"3":{"name":"(anonymous_11)","decl":{"start":{"line":14,"column":65},"end":{"line":14,"column":null}},"loc":{"start":{"line":14,"column":65},"end":{"line":19,"column":3}}},"4":{"name":"(anonymous_12)","decl":{"start":{"line":21,"column":23},"end":{"line":21,"column":30}},"loc":{"start":{"line":21,"column":61},"end":{"line":23,"column":4}}},"5":{"name":"(anonymous_13)","decl":{"start":{"line":21,"column":61},"end":{"line":21,"column":null}},"loc":{"start":{"line":21,"column":61},"end":{"line":23,"column":3}}},"6":{"name":"(anonymous_14)","decl":{"start":{"line":25,"column":22},"end":{"line":25,"column":29}},"loc":{"start":{"line":25,"column":60},"end":{"line":30,"column":4}}},"7":{"name":"(anonymous_15)","decl":{"start":{"line":25,"column":60},"end":{"line":25,"column":null}},"loc":{"start":{"line":25,"column":60},"end":{"line":30,"column":3}}},"8":{"name":"(anonymous_16)","decl":{"start":{"line":32,"column":22},"end":{"line":32,"column":29}},"loc":{"start":{"line":32,"column":60},"end":{"line":39,"column":4}}},"9":{"name":"(anonymous_17)","decl":{"start":{"line":32,"column":60},"end":{"line":32,"column":null}},"loc":{"start":{"line":32,"column":60},"end":{"line":39,"column":3}}},"10":{"name":"(anonymous_18)","decl":{"start":{"line":34,"column":6},"end":{"line":34,"column":7}},"loc":{"start":{"line":34,"column":16},"end":{"line":34,"column":59}}},"11":{"name":"(anonymous_19)","decl":{"start":{"line":41,"column":24},"end":{"line":41,"column":31}},"loc":{"start":{"line":41,"column":62},"end":{"line":46,"column":4}}},"12":{"name":"(anonymous_20)","decl":{"start":{"line":41,"column":62},"end":{"line":41,"column":null}},"loc":{"start":{"line":41,"column":62},"end":{"line":46,"column":3}}}},"branchMap":{"0":{"loc":{"start":{"line":8,"column":19},"end":{"line":8,"column":34}},"type":"cond-expr","locations":[{"start":{"line":8,"column":30},"end":{"line":8,"column":32}},{"start":{"line":8,"column":30},"end":{"line":8,"column":34}}]},"1":{"loc":{"start":{"line":8,"column":19},"end":{"line":8,"column":32}},"type":"binary-expr","locations":[{"start":{"line":8,"column":19},"end":{"line":8,"column":32}},{"start":{"line":8,"column":30},"end":{"line":8,"column":32}}]},"2":{"loc":{"start":{"line":9,"column":4},"end":{"line":9,"column":36}},"type":"cond-expr","locations":[{"start":{"line":9,"column":15},"end":{"line":9,"column":17}},{"start":{"line":9,"column":15},"end":{"line":9,"column":36}}]},"3":{"loc":{"start":{"line":9,"column":4},"end":{"line":9,"column":17}},"type":"binary-expr","locations":[{"start":{"line":9,"column":4},"end":{"line":9,"column":17}},{"start":{"line":9,"column":15},"end":{"line":9,"column":17}}]},"4":{"loc":{"start":{"line":10,"column":43},"end":{"line":10,"column":62}},"type":"cond-expr","locations":[{"start":{"line":10,"column":54},"end":{"line":10,"column":56}},{"start":{"line":10,"column":54},"end":{"line":10,"column":62}}]},"5":{"loc":{"start":{"line":10,"column":43},"end":{"line":10,"column":56}},"type":"binary-expr","locations":[{"start":{"line":10,"column":43},"end":{"line":10,"column":56}},{"start":{"line":10,"column":54},"end":{"line":10,"column":56}}]},"6":{"loc":{"start":{"line":15,"column":45},"end":{"line":15,"column":60}},"type":"cond-expr","locations":[{"start":{"line":15,"column":56},"end":{"line":15,"column":58}},{"start":{"line":15,"column":56},"end":{"line":15,"column":60}}]},"7":{"loc":{"start":{"line":15,"column":45},"end":{"line":15,"column":58}},"type":"binary-expr","locations":[{"start":{"line":15,"column":45},"end":{"line":15,"column":58}},{"start":{"line":15,"column":56},"end":{"line":15,"column":58}}]},"8":{"loc":{"start":{"line":34,"column":16},"end":{"line":34,"column":32}},"type":"cond-expr","locations":[{"start":{"line":34,"column":20},"end":{"line":34,"column":22}},{"start":{"line":34,"column":16},"end":{"line":34,"column":32}}]},"9":{"loc":{"start":{"line":34,"column":16},"end":{"line":34,"column":22}},"type":"binary-expr","locations":[{"start":{"line":34,"column":16},"end":{"line":34,"column":22}},{"start":{"line":34,"column":16},"end":{"line":34,"column":22}}]}},"s":{"0":3,"1":3,"2":7,"3":7,"4":7,"5":7,"6":7,"7":7,"8":3,"9":0,"10":0,"11":0,"12":3,"13":1,"14":1,"15":3,"16":1,"17":1,"18":1,"19":1,"20":1,"21":3,"22":1,"23":1,"24":1,"25":1,"26":1,"27":3,"28":1,"29":1,"30":1,"31":1,"32":1,"33":3},"f":{"0":7,"1":7,"2":0,"3":0,"4":1,"5":1,"6":1,"7":1,"8":1,"9":1,"10":1,"11":1,"12":1},"b":{"0":[0,7],"1":[7,7],"2":[0,7],"3":[7,7],"4":[0,7],"5":[7,7],"6":[0,0],"7":[0,0],"8":[0,1],"9":[1,1]}}
,"/home/yfercep/Documentos/Juan-Pablo-de-la-Torre/Curso-React-Typescript-11-projects/Full-Stack-TaskFlow/taskflow-backend/src/middleware/project.ts": {"path":"/home/yfercep/Documentos/Juan-Pablo-de-la-Torre/Curso-React-Typescript-11-projects/Full-Stack-TaskFlow/taskflow-backend/src/middleware/project.ts","statementMap":{"0":{"start":{"line":12,"column":0},"end":{"line":12,"column":22}},"1":{"start":{"line":2,"column":0},"end":{"line":2,"column":54}},"2":{"start":{"line":17,"column":2},"end":{"line":27,"column":3}},"3":{"start":{"line":18,"column":26},"end":{"line":18,"column":36}},"4":{"start":{"line":19,"column":20},"end":{"line":19,"column":53}},"5":{"start":{"line":20,"column":4},"end":{"line":22,"column":5}},"6":{"start":{"line":21,"column":6},"end":{"line":21,"column":66}},"7":{"start":{"line":23,"column":4},"end":{"line":23,"column":26}},"8":{"start":{"line":24,"column":4},"end":{"line":24,"column":11}},"9":{"start":{"line":26,"column":4},"end":{"line":26,"column":58}}},"fnMap":{"0":{"name":"projectExist","decl":{"start":{"line":12,"column":22},"end":{"line":12,"column":34}},"loc":{"start":{"line":15,"column":20},"end":{"line":28,"column":null}}}},"branchMap":{"0":{"loc":{"start":{"line":20,"column":4},"end":{"line":22,"column":5}},"type":"if","locations":[{"start":{"line":20,"column":4},"end":{"line":22,"column":5}}]}},"s":{"0":3,"1":3,"2":19,"3":19,"4":19,"5":13,"6":0,"7":13,"8":13,"9":6},"f":{"0":19},"b":{"0":[0]}}
,"/home/yfercep/Documentos/Juan-Pablo-de-la-Torre/Curso-React-Typescript-11-projects/Full-Stack-TaskFlow/taskflow-backend/src/middleware/task.ts": {"path":"/home/yfercep/Documentos/Juan-Pablo-de-la-Torre/Curso-React-Typescript-11-projects/Full-Stack-TaskFlow/taskflow-backend/src/middleware/task.ts","statementMap":{"0":{"start":{"line":12,"column":0},"end":{"line":12,"column":22}},"1":{"start":{"line":2,"column":0},"end":{"line":2,"column":45}},"2":{"start":{"line":17,"column":2},"end":{"line":27,"column":3}},"3":{"start":{"line":18,"column":23},"end":{"line":18,"column":33}},"4":{"start":{"line":19,"column":17},"end":{"line":19,"column":44}},"5":{"start":{"line":20,"column":4},"end":{"line":22,"column":5}},"6":{"start":{"line":21,"column":6},"end":{"line":21,"column":63}},"7":{"start":{"line":23,"column":4},"end":{"line":23,"column":20}},"8":{"start":{"line":24,"column":4},"end":{"line":24,"column":11}},"9":{"start":{"line":26,"column":4},"end":{"line":26,"column":58}},"10":{"start":{"line":30,"column":36},"end":{"line":36,"column":1}},"11":{"start":{"line":35,"column":2},"end":{"line":35,"column":9}},"12":{"start":{"line":30,"column":13},"end":{"line":30,"column":36}}},"fnMap":{"0":{"name":"taskExist","decl":{"start":{"line":12,"column":22},"end":{"line":12,"column":31}},"loc":{"start":{"line":15,"column":20},"end":{"line":28,"column":null}}},"1":{"name":"(anonymous_10)","decl":{"start":{"line":30,"column":36},"end":{"line":30,"column":null}},"loc":{"start":{"line":34,"column":4},"end":{"line":36,"column":1}}}},"branchMap":{"0":{"loc":{"start":{"line":20,"column":4},"end":{"line":22,"column":5}},"type":"if","locations":[{"start":{"line":20,"column":4},"end":{"line":22,"column":5}}]}},"s":{"0":3,"1":3,"2":6,"3":6,"4":6,"5":5,"6":0,"7":5,"8":5,"9":1,"10":3,"11":5,"12":3},"f":{"0":6,"1":5},"b":{"0":[0]}}
,"/home/yfercep/Documentos/Juan-Pablo-de-la-Torre/Curso-React-Typescript-11-projects/Full-Stack-TaskFlow/taskflow-backend/src/middleware/validation.ts": {"path":"/home/yfercep/Documentos/Juan-Pablo-de-la-Torre/Curso-React-Typescript-11-projects/Full-Stack-TaskFlow/taskflow-backend/src/middleware/validation.ts","statementMap":{"0":{"start":{"line":2,"column":0},"end":{"line":2,"column":53}},"1":{"start":{"line":4,"column":33},"end":{"line":15,"column":2}},"2":{"start":{"line":8,"column":19},"end":{"line":15,"column":2}},"3":{"start":{"line":9,"column":17},"end":{"line":9,"column":38}},"4":{"start":{"line":10,"column":2},"end":{"line":14,"column":3}},"5":{"start":{"line":11,"column":4},"end":{"line":11,"column":53}},"6":{"start":{"line":13,"column":4},"end":{"line":13,"column":11}},"7":{"start":{"line":4,"column":13},"end":{"line":4,"column":33}},"8":{"start":{"line":18,"column":2},"end":{"line":27,"column":3}},"9":{"start":{"line":25,"column":2},"end":{"line":27,"column":3}},"10":{"start":{"line":26,"column":4},"end":{"line":26,"column":52}},"11":{"start":{"line":17,"column":13},"end":{"line":17,"column":null}}},"fnMap":{"0":{"name":"(anonymous_7)","decl":{"start":{"line":4,"column":33},"end":{"line":4,"column":null}},"loc":{"start":{"line":8,"column":19},"end":{"line":15,"column":2}}},"1":{"name":"(anonymous_8)","decl":{"start":{"line":8,"column":19},"end":{"line":8,"column":null}},"loc":{"start":{"line":8,"column":19},"end":{"line":15,"column":1}}},"2":{"name":"(anonymous_9)","decl":{"start":{"line":18,"column":2},"end":{"line":18,"column":null}},"loc":{"start":{"line":25,"column":2},"end":{"line":27,"column":3}}},"3":{"name":"(anonymous_10)","decl":{"start":{"line":25,"column":2},"end":{"line":25,"column":3}},"loc":{"start":{"line":25,"column":54},"end":{"line":27,"column":3}}}},"branchMap":{"0":{"loc":{"start":{"line":10,"column":2},"end":{"line":14,"column":3}},"type":"if","locations":[{"start":{"line":10,"column":2},"end":{"line":14,"column":3}},{"start":{"line":12,"column":9},"end":{"line":14,"column":3}}]}},"s":{"0":3,"1":3,"2":35,"3":35,"4":35,"5":7,"6":28,"7":3,"8":3,"9":0,"10":0,"11":3},"f":{"0":35,"1":35,"2":0,"3":0},"b":{"0":[7,28]}}
,"/home/yfercep/Documentos/Juan-Pablo-de-la-Torre/Curso-React-Typescript-11-projects/Full-Stack-TaskFlow/taskflow-backend/src/models/Project.ts": {"path":"/home/yfercep/Documentos/Juan-Pablo-de-la-Torre/Curso-React-Typescript-11-projects/Full-Stack-TaskFlow/taskflow-backend/src/models/Project.ts","statementMap":{"0":{"start":{"line":1,"column":0},"end":{"line":1,"column":51}},"1":{"start":{"line":12,"column":30},"end":{"line":19,"column":null}},"2":{"start":{"line":22,"column":16},"end":{"line":22,"column":66}},"3":{"start":{"line":24,"column":0},"end":{"line":24,"column":23}}},"fnMap":{},"branchMap":{},"s":{"0":3,"1":3,"2":3,"3":3},"f":{},"b":{}}
,"/home/yfercep/Documentos/Juan-Pablo-de-la-Torre/Curso-React-Typescript-11-projects/Full-Stack-TaskFlow/taskflow-backend/src/models/Task.ts": {"path":"/home/yfercep/Documentos/Juan-Pablo-de-la-Torre/Curso-React-Typescript-11-projects/Full-Stack-TaskFlow/taskflow-backend/src/models/Task.ts","statementMap":{"0":{"start":{"line":1,"column":0},"end":{"line":1,"column":51}},"1":{"start":{"line":4,"column":19},"end":{"line":10,"column":11}},"2":{"start":{"line":21,"column":13},"end":{"line":33,"column":2}},"3":{"start":{"line":35,"column":13},"end":{"line":35,"column":54}},"4":{"start":{"line":37,"column":0},"end":{"line":37,"column":20}}},"fnMap":{},"branchMap":{},"s":{"0":3,"1":3,"2":3,"3":3,"4":3},"f":{},"b":{}}
,"/home/yfercep/Documentos/Juan-Pablo-de-la-Torre/Curso-React-Typescript-11-projects/Full-Stack-TaskFlow/taskflow-backend/src/routes/projectRoutes.ts": {"path":"/home/yfercep/Documentos/Juan-Pablo-de-la-Torre/Curso-React-Typescript-11-projects/Full-Stack-TaskFlow/taskflow-backend/src/routes/projectRoutes.ts","statementMap":{"0":{"start":{"line":1,"column":0},"end":{"line":1,"column":33}},"1":{"start":{"line":2,"column":0},"end":{"line":2,"column":48}},"2":{"start":{"line":3,"column":0},"end":{"line":3,"column":69}},"3":{"start":{"line":4,"column":0},"end":{"line":4,"column":61}},"4":{"start":{"line":5,"column":0},"end":{"line":5,"column":59}},"5":{"start":{"line":6,"column":0},"end":{"line":6,"column":53}},"6":{"start":{"line":7,"column":0},"end":{"line":7,"column":69}},"7":{"start":{"line":9,"column":15},"end":{"line":9,"column":23}},"8":{"start":{"line":11,"column":0},"end":{"line":18,"column":2}},"9":{"start":{"line":19,"column":0},"end":{"line":19,"column":50}},"10":{"start":{"line":21,"column":0},"end":{"line":26,"column":2}},"11":{"start":{"line":28,"column":0},"end":{"line":36,"column":2}},"12":{"start":{"line":38,"column":0},"end":{"line":43,"column":2}},"13":{"start":{"line":46,"column":0},"end":{"line":46,"column":40}},"14":{"start":{"line":47,"column":0},"end":{"line":53,"column":2}},"15":{"start":{"line":55,"column":0},"end":{"line":55,"column":64}},"16":{"start":{"line":57,"column":0},"end":{"line":57,"column":34}},"17":{"start":{"line":58,"column":0},"end":{"line":58,"column":45}},"18":{"start":{"line":60,"column":0},"end":{"line":65,"column":2}},"19":{"start":{"line":67,"column":0},"end":{"line":74,"column":2}},"20":{"start":{"line":76,"column":0},"end":{"line":81,"column":2}},"21":{"start":{"line":83,"column":0},"end":{"line":90,"column":2}},"22":{"start":{"line":92,"column":0},"end":{"line":92,"column":22}}},"fnMap":{},"branchMap":{},"s":{"0":3,"1":3,"2":3,"3":3,"4":3,"5":3,"6":3,"7":3,"8":3,"9":3,"10":3,"11":3,"12":3,"13":3,"14":3,"15":3,"16":3,"17":3,"18":3,"19":3,"20":3,"21":3,"22":3},"f":{},"b":{}}
}
