TN:
SF:src/server.ts
FNF:0
FNH:0
DA:1,3
DA:2,3
DA:3,3
DA:4,3
DA:6,3
DA:8,3
DA:10,3
DA:12,3
DA:15,3
DA:17,3
LF:10
LH:10
BRF:0
BRH:0
end_of_record
TN:
SF:src/config/db.ts
FN:5,(anonymous_8)
FN:5,(anonymous_9)
FNF:2
FNH:2
FNDA:3,(anonymous_8)
FNDA:3,(anonymous_9)
DA:1,3
DA:5,3
DA:6,3
DA:7,3
DA:9,3
DA:10,0
DA:12,3
DA:13,3
DA:14,3
DA:16,3
DA:19,0
LF:11
LH:9
BRDA:9,0,0,0
BRDA:16,1,0,3
BRDA:16,1,1,0
BRF:3
BRH:1
end_of_record
TN:
SF:src/controllers/ProjectController.ts
FN:5,(anonymous_8)
FN:5,(anonymous_9)
FN:11,(anonymous_10)
FN:11,(anonymous_11)
FN:16,(anonymous_12)
FN:16,(anonymous_13)
FN:23,(anonymous_14)
FN:23,(anonymous_15)
FN:39,(anonymous_16)
FN:39,(anonymous_17)
FNF:10
FNH:10
FNDA:14,(anonymous_8)
FNDA:14,(anonymous_9)
FNDA:3,(anonymous_10)
FNDA:3,(anonymous_11)
FNDA:1,(anonymous_12)
FNDA:1,(anonymous_13)
FNDA:1,(anonymous_14)
FNDA:1,(anonymous_15)
FNDA:1,(anonymous_16)
FNDA:1,(anonymous_17)
DA:2,3
DA:4,3
DA:5,14
DA:6,14
DA:7,14
DA:8,14
DA:11,3
DA:12,3
DA:13,3
DA:16,3
DA:17,1
DA:19,1
DA:20,1
DA:23,3
DA:24,1
DA:25,1
DA:26,1
DA:27,0
DA:28,0
DA:29,0
DA:31,1
DA:32,1
DA:33,1
DA:35,1
DA:36,1
DA:39,3
DA:40,1
DA:41,1
DA:42,1
DA:43,1
LF:30
LH:27
BRDA:26,0,0,0
BRDA:35,1,0,0
BRDA:35,1,1,1
BRDA:35,2,0,1
BRDA:35,2,1,1
BRDA:42,3,0,0
BRDA:42,3,1,1
BRDA:42,4,0,1
BRDA:42,4,1,1
BRF:9
BRH:6
end_of_record
TN:
SF:src/controllers/TaskController.ts
FN:6,(anonymous_8)
FN:6,(anonymous_9)
FN:14,(anonymous_10)
FN:14,(anonymous_11)
FN:21,(anonymous_12)
FN:21,(anonymous_13)
FN:25,(anonymous_14)
FN:25,(anonymous_15)
FN:32,(anonymous_16)
FN:32,(anonymous_17)
FN:34,(anonymous_18)
FN:41,(anonymous_19)
FN:41,(anonymous_20)
FNF:13
FNH:11
FNDA:7,(anonymous_8)
FNDA:7,(anonymous_9)
FNDA:0,(anonymous_10)
FNDA:0,(anonymous_11)
FNDA:1,(anonymous_12)
FNDA:1,(anonymous_13)
FNDA:1,(anonymous_14)
FNDA:1,(anonymous_15)
FNDA:1,(anonymous_16)
FNDA:1,(anonymous_17)
FNDA:1,(anonymous_18)
FNDA:1,(anonymous_19)
FNDA:1,(anonymous_20)
DA:3,3
DA:5,3
DA:6,7
DA:7,7
DA:8,7
DA:9,7
DA:10,7
DA:11,7
DA:14,3
DA:15,0
DA:18,0
DA:21,3
DA:22,1
DA:25,3
DA:26,1
DA:27,1
DA:28,1
DA:29,1
DA:32,3
DA:33,1
DA:34,1
DA:37,1
DA:38,1
DA:41,3
DA:42,1
DA:43,1
DA:44,1
DA:45,1
LF:28
LH:26
BRDA:8,0,0,0
BRDA:8,0,1,7
BRDA:8,1,0,7
BRDA:8,1,1,7
BRDA:9,2,0,0
BRDA:9,2,1,7
BRDA:9,3,0,7
BRDA:9,3,1,7
BRDA:10,4,0,0
BRDA:10,4,1,7
BRDA:10,5,0,7
BRDA:10,5,1,7
BRDA:15,6,0,0
BRDA:15,6,1,0
BRDA:15,7,0,0
BRDA:15,7,1,0
BRDA:34,8,0,0
BRDA:34,8,1,1
BRDA:34,9,0,1
BRDA:34,9,1,1
BRF:20
BRH:12
end_of_record
TN:
SF:src/middleware/project.ts
FN:12,projectExist
FNF:1
FNH:1
FNDA:19,projectExist
DA:2,3
DA:12,3
DA:17,19
DA:18,19
DA:19,19
DA:20,13
DA:21,0
DA:23,13
DA:24,13
DA:26,6
LF:10
LH:9
BRDA:20,0,0,0
BRF:1
BRH:0
end_of_record
TN:
SF:src/middleware/task.ts
FN:12,taskExist
FN:30,(anonymous_10)
FNF:2
FNH:2
FNDA:6,taskExist
FNDA:5,(anonymous_10)
DA:2,3
DA:12,3
DA:17,6
DA:18,6
DA:19,6
DA:20,5
DA:21,0
DA:23,5
DA:24,5
DA:26,1
DA:30,3
DA:35,5
LF:12
LH:11
BRDA:20,0,0,0
BRF:1
BRH:0
end_of_record
TN:
SF:src/middleware/validation.ts
FN:4,(anonymous_7)
FN:8,(anonymous_8)
FN:18,(anonymous_9)
FN:25,(anonymous_10)
FNF:4
FNH:2
FNDA:35,(anonymous_7)
FNDA:35,(anonymous_8)
FNDA:0,(anonymous_9)
FNDA:0,(anonymous_10)
DA:2,3
DA:4,3
DA:8,35
DA:9,35
DA:10,35
DA:11,7
DA:13,28
DA:17,3
DA:18,3
DA:25,0
DA:26,0
LF:11
LH:9
BRDA:10,0,0,7
BRDA:10,0,1,28
BRF:2
BRH:2
end_of_record
TN:
SF:src/models/Project.ts
FNF:0
FNH:0
DA:1,3
DA:12,3
DA:22,3
DA:24,3
LF:4
LH:4
BRF:0
BRH:0
end_of_record
TN:
SF:src/models/Task.ts
FNF:0
FNH:0
DA:1,3
DA:4,3
DA:21,3
DA:35,3
DA:37,3
LF:5
LH:5
BRF:0
BRH:0
end_of_record
TN:
SF:src/routes/projectRoutes.ts
FNF:0
FNH:0
DA:1,3
DA:2,3
DA:3,3
DA:4,3
DA:5,3
DA:6,3
DA:7,3
DA:9,3
DA:11,3
DA:19,3
DA:21,3
DA:28,3
DA:38,3
DA:46,3
DA:47,3
DA:55,3
DA:57,3
DA:58,3
DA:60,3
DA:67,3
DA:76,3
DA:83,3
DA:92,3
LF:23
LH:23
BRF:0
BRH:0
end_of_record
