TN:
SF:src/server.ts
FNF:0
FNH:0
DA:1,3
DA:2,3
DA:3,3
DA:4,3
DA:6,3
DA:8,3
DA:10,3
DA:12,3
DA:15,3
DA:17,3
LF:10
LH:10
BRF:0
BRH:0
end_of_record
TN:
SF:src/config/db.ts
FN:5,(anonymous_8)
FN:5,(anonymous_9)
FNF:2
FNH:2
FNDA:3,(anonymous_8)
FNDA:3,(anonymous_9)
DA:1,3
DA:5,3
DA:6,3
DA:7,3
DA:9,3
DA:10,0
DA:12,3
DA:13,3
DA:14,3
DA:15,0
DA:17,3
DA:20,0
LF:12
LH:9
BRDA:9,0,0,0
BRDA:17,1,0,3
BRDA:17,1,1,0
BRF:3
BRH:1
end_of_record
TN:
SF:src/controllers/ProjectController.ts
FN:5,(anonymous_8)
FN:5,(anonymous_9)
FN:16,(anonymous_10)
FN:16,(anonymous_11)
FN:25,(anonymous_12)
FN:25,(anonymous_13)
FN:40,(anonymous_14)
FN:40,(anonymous_15)
FN:60,(anonymous_16)
FN:60,(anonymous_17)
FNF:10
FNH:10
FNDA:13,(anonymous_8)
FNDA:13,(anonymous_9)
FNDA:3,(anonymous_10)
FNDA:3,(anonymous_11)
FNDA:1,(anonymous_12)
FNDA:1,(anonymous_13)
FNDA:1,(anonymous_14)
FNDA:1,(anonymous_15)
FNDA:1,(anonymous_16)
FNDA:1,(anonymous_17)
DA:2,3
DA:4,3
DA:5,13
DA:6,13
DA:8,13
DA:9,13
DA:10,13
DA:12,0
DA:16,3
DA:17,3
DA:18,3
DA:19,3
DA:21,0
DA:25,3
DA:26,1
DA:27,1
DA:28,1
DA:29,1
DA:30,0
DA:31,0
DA:32,0
DA:34,1
DA:36,0
DA:40,3
DA:41,1
DA:42,1
DA:43,1
DA:44,1
DA:45,0
DA:46,0
DA:47,0
DA:49,1
DA:50,1
DA:51,1
DA:53,1
DA:54,1
DA:56,0
DA:60,3
DA:61,1
DA:62,1
DA:63,1
DA:64,1
DA:65,0
DA:66,0
DA:67,0
DA:69,1
DA:70,1
DA:72,0
LF:48
LH:34
BRDA:29,0,0,0
BRDA:44,1,0,0
BRDA:53,2,0,0
BRDA:53,2,1,1
BRDA:53,3,0,1
BRDA:53,3,1,1
BRDA:64,4,0,0
BRDA:69,5,0,0
BRDA:69,5,1,1
BRDA:69,6,0,1
BRDA:69,6,1,1
BRF:11
BRH:6
end_of_record
TN:
SF:src/controllers/TaskController.ts
FN:6,(anonymous_8)
FN:6,(anonymous_9)
FN:18,(anonymous_10)
FN:18,(anonymous_11)
FN:29,(anonymous_12)
FN:29,(anonymous_13)
FN:37,(anonymous_14)
FN:37,(anonymous_15)
FN:48,(anonymous_16)
FN:48,(anonymous_17)
FN:51,(anonymous_18)
FN:61,(anonymous_19)
FN:61,(anonymous_20)
FNF:13
FNH:9
FNDA:6,(anonymous_8)
FNDA:6,(anonymous_9)
FNDA:0,(anonymous_10)
FNDA:0,(anonymous_11)
FNDA:1,(anonymous_12)
FNDA:1,(anonymous_13)
FNDA:1,(anonymous_14)
FNDA:1,(anonymous_15)
FNDA:1,(anonymous_16)
FNDA:1,(anonymous_17)
FNDA:1,(anonymous_18)
FNDA:0,(anonymous_19)
FNDA:0,(anonymous_20)
DA:3,3
DA:5,3
DA:6,6
DA:7,6
DA:8,6
DA:9,6
DA:10,6
DA:11,6
DA:12,6
DA:14,0
DA:18,3
DA:19,0
DA:20,0
DA:23,0
DA:25,0
DA:29,3
DA:30,1
DA:31,1
DA:33,0
DA:37,3
DA:38,1
DA:39,1
DA:40,1
DA:41,1
DA:42,1
DA:44,0
DA:48,3
DA:49,1
DA:50,1
DA:51,1
DA:54,1
DA:55,1
DA:57,0
DA:61,3
DA:62,0
DA:63,0
DA:64,0
DA:65,0
DA:66,0
DA:68,0
LF:40
LH:26
BRDA:9,0,0,0
BRDA:9,0,1,6
BRDA:9,1,0,6
BRDA:9,1,1,6
BRDA:10,2,0,0
BRDA:10,2,1,6
BRDA:10,3,0,6
BRDA:10,3,1,6
BRDA:11,4,0,0
BRDA:11,4,1,6
BRDA:11,5,0,6
BRDA:11,5,1,6
BRDA:20,6,0,0
BRDA:20,6,1,0
BRDA:20,7,0,0
BRDA:20,7,1,0
BRDA:51,8,0,0
BRDA:51,8,1,1
BRDA:51,9,0,1
BRDA:51,9,1,1
BRF:20
BRH:12
end_of_record
TN:
SF:src/middleware/project.ts
FN:12,projectExist
FNF:1
FNH:1
FNDA:16,projectExist
DA:2,3
DA:12,3
DA:17,16
DA:18,16
DA:19,16
DA:20,11
DA:21,0
DA:22,0
DA:23,0
DA:25,11
DA:26,11
DA:28,5
LF:12
LH:9
BRDA:20,0,0,0
BRF:1
BRH:0
end_of_record
TN:
SF:src/middleware/task.ts
FN:12,taskExist
FN:32,(anonymous_10)
FNF:2
FNH:2
FNDA:5,taskExist
FNDA:4,(anonymous_10)
DA:2,3
DA:12,3
DA:17,5
DA:18,5
DA:19,5
DA:20,4
DA:21,0
DA:22,0
DA:23,0
DA:25,4
DA:26,4
DA:28,1
DA:32,3
DA:37,4
DA:38,0
DA:39,0
DA:40,0
DA:42,4
LF:18
LH:12
BRDA:20,0,0,0
BRDA:37,1,0,0
BRDA:37,2,0,0
BRDA:37,2,1,4
BRDA:37,3,0,4
BRDA:37,3,1,4
BRF:6
BRH:3
end_of_record
TN:
SF:src/middleware/validation.ts
FN:4,(anonymous_7)
FN:8,(anonymous_8)
FN:18,(anonymous_9)
FN:25,(anonymous_10)
FNF:4
FNH:2
FNDA:32,(anonymous_7)
FNDA:32,(anonymous_8)
FNDA:0,(anonymous_9)
FNDA:0,(anonymous_10)
DA:2,3
DA:4,3
DA:8,32
DA:9,32
DA:10,32
DA:11,7
DA:13,25
DA:17,3
DA:18,3
DA:25,0
DA:26,0
LF:11
LH:9
BRDA:10,0,0,7
BRDA:10,0,1,25
BRF:2
BRH:2
end_of_record
TN:
SF:src/models/Project.ts
FNF:0
FNH:0
DA:1,3
DA:12,3
DA:22,3
DA:24,3
LF:4
LH:4
BRF:0
BRH:0
end_of_record
TN:
SF:src/models/Task.ts
FNF:0
FNH:0
DA:1,3
DA:4,3
DA:21,3
DA:35,3
DA:37,3
LF:5
LH:5
BRF:0
BRH:0
end_of_record
TN:
SF:src/routes/projectRoutes.ts
FNF:0
FNH:0
DA:1,3
DA:2,3
DA:3,3
DA:4,3
DA:5,3
DA:6,3
DA:7,3
DA:9,3
DA:11,3
DA:19,3
DA:21,3
DA:28,3
DA:38,3
DA:46,3
DA:47,3
DA:55,3
DA:57,3
DA:58,3
DA:60,3
DA:67,3
DA:76,3
DA:83,3
DA:91,3
LF:23
LH:23
BRF:0
BRH:0
end_of_record
